message: 2018:Mar:25:08:04:45: Name: Not yet logged in: Message: /name test
message: 2018:Mar:25:08:05:30: Name: test: Message: test
message: 2018:Mar:25:08:05:48: Name: Not yet logged in: Message: /name browser
message: 2018:Mar:25:08:05:53: Name: test: Message: Test
message: 2018:Mar:25:08:12:23: Name: Not yet logged in: Message: /name etst
message: 2018:Mar:25:08:14:51: Name: Not yet logged in
message: 2018:Mar:25:08:14:53: Name: Not yet logged in
message: 2018:Mar:25:08:24:07: Name: Not yet logged in: Message: /name test
message: 2018:Mar:25:08:25:52: Name: Not yet logged in: Message: /name test
message: 2018:Mar:25:08:26:22: Name: Not yet logged in: Message: /name Test
message: 2018:Mar:25:08:28:36: Name: Not yet logged in: Message: /name Test
message: 2018:Mar:25:08:29:10: Name: Test: Message: Hello
Info: 2018:Mar:25:08:42:12: Name: server
Info: 2018:Mar:25:08:42:18: Name: server
Info: 2018:Mar:25:08:42:20: Name: server
Info: 2018:Mar:25:08:42:51: Name: server
message: 2018:Mar:25:08:42:54: Name: Test: Message: Test: Hello
Info: 2018:Mar:25:08:43:03: Name: server
message: 2018:Mar:25:08:43:06: Name: Terry: Message: Terry: Hello
message: 2018:Mar:25:08:43:11: Name: Test: Message: Test: Hello
Info: 2018:Mar:25:08:43:40: Name: server
Info: 2018:Mar:25:08:43:45: Name: server
message: 2018:Mar:25:08:43:46: Name: Test: Message: Test: Hello
Info: 2018:Mar:25:08:46:30: Name: server
Info: 2018:Mar:25:08:46:35: Name: server
message: 2018:Mar:25:08:46:39: Name: Hello: Message: Hello: Sup
Info: 2018:Mar:25:08:47:52: Name: server
Info: 2018:Mar:25:08:48:01: Name: server
message: 2018:Mar:25:08:48:02: Name: Test: Message: Test: Hello
command: 2018:Mar:25:08:50:45: Name: Not yet logged in
command: 2018:Mar:25:08:51:00: Name: Not yet logged in
message: 2018:Mar:25:08:51:16: Name: Sup
command: 2018:Mar:25:08:52:23: Name: Not yet logged in
message: 2018:Mar:25:08:53:20: Name: Not yet logged in
message: 2018:Mar:25:08:53:25: Name: Not yet logged in
message: 2018:Mar:25:08:53:37: Name: Not yet logged in: Message: Not yet logged in: Hell
command: 2018:Mar:25:08:53:42: Name: Not yet logged in: Message: Test has Joined!
message: 2018:Mar:25:08:53:49: Name: Test: Message: Test: Hi!!!!
command: 2018:Mar:25:08:59:48: Name: Not yet logged in: Message: Browser has Joined!
message: 2018:Mar:25:08:59:53: Name: Browser: Message: Browser: Hello
command: 2018:Mar:25:09:18:16: Name: Not yet logged in: Message: Terry has Joined!
command: 2018:Mar:25:09:19:19: Name: server: Message: Browser has Joined!
command: 2018:Mar:25:09:42:36: Name: server: Message: Terry has Joined!
Info: 2018:Mar:25:09:43:30: Name: server: Message: What is your name?
Info: 2018:Mar:25:09:43:30: Name: server: Message: type /name to set your name
Info: 2018:Mar:25:09:43:39: Name: server: Message: Terry has Joined!
message: 2018:Mar:25:09:43:50: Name: Terry: Message: Terry: Fuck
Info: 2018:Mar:25:09:45:11: Name: server: Message: What is your name?
Info: 2018:Mar:25:09:45:11: Name: server: Message: type /name to set your name
Info: 2018:Mar:25:09:45:19: Name: server: Message: What is your name?
Info: 2018:Mar:25:09:45:19: Name: server: Message: type /name to set your name
Info: 2018:Mar:25:09:45:26: Name: server: Message: Hi has Joined!
message: 2018:Mar:25:09:45:29: Name: Hi: Message: Hi: HEllo
Info: 2018:Mar:25:09:46:25: Name: server: Message: What is your name?
Info: 2018:Mar:25:09:46:25: Name: server: Message: type /name to set your name
message: 2018:Mar:25:09:46:51: Name: Not yet logged in: Message: Not yet logged in: Hello
message: 2018:Mar:25:09:47:14: Name: Hi: Message: Hi: Sup
Info: 2018:Mar:25:09:47:38: Name: server: Message: What is your name?
Info: 2018:Mar:25:09:47:38: Name: server: Message: type /name to set your name
Info: 2018:Mar:25:09:47:43: Name: server: Message: Hi has Joined!
message: 2018:Mar:25:09:47:45: Name: Hi: Message: Hi: Hello
message: 2018:Mar:25:09:47:47: Name: Hi: Message: Hi: Hello
message: 2018:Mar:25:09:47:50: Name: Hi: Message: Hi: Fickkkkkkkkkkkk
Info: 2018:Mar:25:09:47:57: Name: server: Message: What is your name?
Info: 2018:Mar:25:09:47:57: Name: server: Message: type /name to set your name
message: 2018:Mar:25:09:48:00: Name: Not yet logged in: Message: Not yet logged in: Hi
message: 2018:Mar:25:09:48:04: Name: Hi: Message: Hi: Hell
message: 2018:Mar:25:09:48:12: Name: Not yet logged in: Message: Not yet logged in: What?
Info: 2018:Mar:25:09:51:23: Name: server: Message: What is your name?
Info: 2018:Mar:25:09:51:25: Name: server: Message: type /name to set your name
Info: 2018:Mar:25:09:52:41: Name: server: Message: What is your name?
Info: 2018:Mar:25:09:52:47: Name: server: Message: type /name to set your name
Info: 2018:Mar:25:09:52:47: Name: server: Message: What is your name?
Info: 2018:Mar:25:09:52:48: Name: server: Message: type /name to set your name
Info: 2018:Mar:25:09:52:56: Name: server: Message: Test has Joined!
Info: 2018:Mar:25:09:53:04: Name: server: Message: Test2 has Joined!
message: 2018:Mar:25:09:53:08: Name: Test2: Message: Test2: Hello
message: 2018:Mar:25:09:53:18: Name: Test: Message: Test: Sup
Info: 2018:Mar:25:09:53:21: Name: server: Message: What is your name?
Info: 2018:Mar:25:09:53:21: Name: server: Message: type /name to set your name
Info: 2018:Mar:25:09:53:28: Name: server: Message: Test3 has Joined!
message: 2018:Mar:25:09:53:31: Name: Test3: Message: Test3: Hello
message: 2018:Mar:25:09:53:36: Name: Test: Message: Test: Hi
message: 2018:Mar:25:09:53:40: Name: Test2: Message: Test2: Hello
Info: 2018:Mar:25:09:59:01: Name: server: Message: What is your name?
Info: 2018:Mar:25:09:59:01: Name: server: Message: type /name to set your name
Info: 2018:Mar:25:09:59:07: Name: server: Message: What is your name?
Info: 2018:Mar:25:09:59:07: Name: server: Message: type /name to set your name
Info: 2018:Mar:25:09:59:13: Name: server: Message: Test 1 has Joined!
Info: 2018:Mar:25:09:59:24: Name: server: Message: What is your name?
Info: 2018:Mar:25:09:59:24: Name: server: Message: type /name to set your name
Info: 2018:Mar:25:09:59:26: Name: server: Message: Hello has Joined!
Info: 2018:Mar:25:09:59:36: Name: server: Message: What is your name?
Info: 2018:Mar:25:09:59:36: Name: server: Message: type /name to set your name
Info: 2018:Mar:25:09:59:40: Name: server: Message: Test2 has Joined!
message: 2018:Mar:25:09:59:41: Name: Test2: Message: Test2: Hello
message: 2018:Mar:25:09:59:46: Name: Hello: Message: Hello: Watsup
message: 2018:Mar:25:09:59:54: Name: Test 1: Message: Test 1: This is the browser
Info: 2018:Mar:25:10:01:10: Name: server: Message: What is your name?
Info: 2018:Mar:25:10:01:10: Name: server: Message: type /name to set your name
Info: 2018:Mar:25:10:01:16: Name: server: Message: What is your name?
Info: 2018:Mar:25:10:01:16: Name: server: Message: type /name to set your name
Info: 2018:Mar:25:10:01:23: Name: server: Message: Hello has Joined!
message: 2018:Mar:25:10:01:29: Name: Hello: Message: Hi
Info: 2018:Mar:25:10:02:11: Name: server: Message: What is your name?
Info: 2018:Mar:25:10:02:11: Name: server: Message: type /name to set your name
Info: 2018:Mar:25:10:02:13: Name: server: Message: What is your name?
Info: 2018:Mar:25:10:02:13: Name: server: Message: type /name to set your name
Info: 2018:Mar:25:10:02:24: Name: server: Message: What is your name?
Info: 2018:Mar:25:10:02:24: Name: server: Message: type /name to set your name
Info: 2018:Mar:25:10:02:26: Name: server: Message: What is your name?
Info: 2018:Mar:25:10:02:26: Name: server: Message: type /name to set your name
Info: 2018:Mar:25:10:02:27: Name: server: Message: What is your name?
Info: 2018:Mar:25:10:02:27: Name: server: Message: type /name to set your name
Info: 2018:Mar:25:10:04:22: Name: server: Message: What is your name?
Info: 2018:Mar:25:10:04:22: Name: server: Message: type /name to set your name
Info: 2018:Mar:25:10:04:31: Name: server: Message: What is your name?
Info: 2018:Mar:25:10:04:31: Name: server: Message: type /name to set your name
Info: 2018:Mar:25:10:04:38: Name: server: Message: Browser has Joined!
message: 2018:Mar:25:10:04:45: Name: Browser: Message: Fuck Yeah!!!!
message: 2018:Mar:25:10:31:14: Name: Terry: Message: Hello
message: 2018:Mar:25:10:31:50: Name: Terry: Message: Hello
message: 2018:Mar:25:10:32:00: Name: Hello: Message: Sup
message: 2018:Mar:25:10:35:01: Name: Hello: Message: Shit
message: 2018:Mar:25:10:37:08: Name: Not yet logged in: Message: Hello
message: 2018:Mar:25:10:37:17: Name: Browser: Message: Hello
message: 2018:Mar:25:10:38:45: Name: Hello: Message: Sup?
message: 2018:Mar:25:11:14:09: Name: Hi: Message: Hello
message: 2018:Mar:25:11:14:16: Name: Hi: Message: GOOOODDDDDDD DAMMMMIIIIIIIT
