message: 2018:Mar:26:07:50:40: Name: Terry Donna: Message: /login Terry Donna
message: 2018:Mar:26:08:09:52: Name: Terry: Message: Hello
message: 2018:Mar:26:08:11:01: Name: Terry: Message: Hello
message: 2018:Mar:26:08:12:53: Name: Terry: Message: Hello
message: 2018:Mar:26:08:12:58: Name: Terry: Message: aRRRRRGGHGGGGHHH
message: 2018:Mar:26:08:14:02: Name: Terry Donna: Message: Hello
message: 2018:Mar:26:08:20:58: Name: Terry: Message: Hello
message: 2018:Mar:26:08:21:03: Name: Terry: Message: What?
message: 2018:Mar:26:08:34:35: Name: Test: Message: Hello
message: 2018:Mar:26:08:36:19: Name: Test: Message: Hello
message: 2018:Mar:26:08:36:23: Name: Test: Message: ?????
message: 2018:Mar:26:08:38:00: Name: Test: Message: YesSSSSS!!!
message: 2018:Mar:26:11:40:06: Name: Terry: Message: Hello
message: 2018:Mar:26:11:40:18: Name: Test: Message: Hello
message: 2018:Mar:26:12:09:39: Name: Terry: Message: Hello
message: 2018:Mar:26:12:09:42: Name: Terry: Message: Test
message: 2018:Mar:26:12:09:43: Name: Terry: Message: Test
message: 2018:Mar:26:12:09:44: Name: Terry: Message: teset
message: 2018:Mar:26:12:09:45: Name: Terry: Message: test
message: 2018:Mar:26:12:09:46: Name: Terry: Message: test
message: 2018:Mar:26:12:09:47: Name: Terry: Message: tes
message: 2018:Mar:26:12:09:48: Name: Terry: Message: ttes
message: 2018:Mar:26:12:10:51: Name: Terry: Message: Hello
message: 2018:Mar:26:12:10:52: Name: Terry: Message: Test
message: 2018:Mar:26:12:10:53: Name: Terry: Message: test
message: 2018:Mar:26:12:10:54: Name: Terry: Message: etes
message: 2018:Mar:26:12:10:54: Name: Terry: Message: tset
message: 2018:Mar:26:12:10:55: Name: Terry: Message: test
message: 2018:Mar:26:12:14:55: Name: Terry: Message: Hello
message: 2018:Mar:26:12:14:58: Name: Terry: Message: Sup'
message: 2018:Mar:26:12:14:59: Name: Terry: Message: Test
message: 2018:Mar:26:12:15:00: Name: Terry: Message: test
message: 2018:Mar:26:12:15:00: Name: Terry: Message: test
message: 2018:Mar:26:12:15:01: Name: Terry: Message: test
message: 2018:Mar:26:12:15:02: Name: Terry: Message: test
message: 2018:Mar:26:12:15:03: Name: Terry: Message: tes
message: 2018:Mar:26:12:15:04: Name: Terry: Message: test
message: 2018:Mar:26:12:19:26: Name: Terry: Message: Hello
message: 2018:Mar:26:12:19:27: Name: Terry: Message: test
message: 2018:Mar:26:12:19:27: Name: Terry: Message: test
message: 2018:Mar:26:12:19:28: Name: Terry: Message: test
message: 2018:Mar:26:12:19:29: Name: Terry: Message: test
message: 2018:Mar:26:12:19:30: Name: Terry: Message: tset
message: 2018:Mar:26:12:19:30: Name: Terry: Message: tset
message: 2018:Mar:26:12:19:31: Name: Terry: Message: tes
message: 2018:Mar:26:03:06:40: Name: Test: Message: Hello
message: 2018:Mar:26:03:06:44: Name: Terry: Message: Hello
message: 2018:Mar:26:03:07:01: Name: Terry: Message: Hello
message: 2018:Mar:26:03:10:03: Name: Test: Message: Hello
message: 2018:Mar:26:03:10:07: Name: Terry: Message: Sup
message: 2018:Mar:26:03:12:51: Name: Terry: Message: Hello
message: 2018:Mar:26:03:17:26: Name: Terry: Message: Hello
message: 2018:Mar:26:03:21:06: Name: Terry: Message: Hello
message: 2018:Mar:26:03:25:30: Name: Terry: Message: Hello
message: 2018:Mar:26:03:31:01: Name: Terry: Message: Hello
message: 2018:Mar:26:03:33:43: Name: Terry: Message: Hello
message: 2018:Mar:26:03:33:54: Name: Terry: Message: Hello
message: 2018:Mar:26:03:40:53: Name: Test: Message: Hello
message: 2018:Mar:26:03:41:32: Name: Terry: Message: Hello
message: 2018:Mar:26:03:46:49: Name: Test: Message: Hello
message: 2018:Mar:26:03:46:52: Name: Terry: Message: Hello
message: 2018:Mar:26:03:49:02: Name: Terry: Message: Hello
message: 2018:Mar:26:04:01:11: Name: Terry: Message: Hello
message: 2018:Mar:26:04:01:25: Name: Test: Message: Hello
message: 2018:Mar:26:04:01:29: Name: Terry: Message: Sup
message: 2018:Mar:26:04:06:13: Name: Test: Message: Hello
message: 2018:Mar:26:04:06:27: Name: Test: Message: Hi
